<?xml version="1.0" encoding="UTF-8"?>
<testsuite name="Create new user account" tests="1" skipped="0" failures="1" errors="0" timestamp="2021-06-15T23:36:14" hostname="50HW015982" time="122.219">
  <properties/>
  <testcase name="create successfully user account" classname="Create new user account" time="122.219">
    <failure message="java.lang.AssertionError: &#10;Expected: an element that is not enabled&#10;     but: the element identified by id: register_btnundefined [REGISTER] was enabled or not found" type="java.lang.AssertionError">java.lang.AssertionError: 
Expected: an element that is not enabled
     but: the element identified by id: register_btnundefined [REGISTER] was enabled or not found
	at net.serenitybdd.screenplay.ErrorTally.throwSummaryExceptionFrom(ErrorTally.java:36)
	at net.serenitybdd.screenplay.ErrorTally.reportAnyErrors(ErrorTally.java:30)
	at net.serenitybdd.screenplay.Actor.should(Actor.java:291)
	at net.serenitybdd.screenplay.waits.WaitUntilBuilder$1.performAs(WaitUntilBuilder.java:29)
	at net.serenitybdd.screenplay.Actor.performTask(Actor.java:223)
	at net.serenitybdd.screenplay.Actor.perform(Actor.java:204)
	at net.serenitybdd.screenplay.Actor.performSilently(Actor.java:184)
	at net.serenitybdd.screenplay.Actor.attemptsTo(Actor.java:157)
	at co.com.fideljose.certification.screenplayproject.tasks.UserInformation.performAs(UserInformation.java:60)
	at co.com.fideljose.certification.screenplayproject.tasks.UserInformation$$EnhancerByCGLIB$$2234ac2.CGLIB$performAs$0(&lt;generated&gt;)
	at co.com.fideljose.certification.screenplayproject.tasks.UserInformation$$EnhancerByCGLIB$$2234ac2$$FastClassByCGLIB$$2a7c3423.invoke(&lt;generated&gt;)
	at net.sf.cglib.proxy.MethodProxy.invokeSuper(MethodProxy.java:228)
	at net.thucydides.core.steps.StepInterceptor.invokeMethod(StepInterceptor.java:478)
	at net.thucydides.core.steps.StepInterceptor.executeTestStepMethod(StepInterceptor.java:463)
	at net.thucydides.core.steps.StepInterceptor.runTestStep(StepInterceptor.java:438)
	at net.thucydides.core.steps.StepInterceptor.runOrSkipMethod(StepInterceptor.java:179)
	at net.thucydides.core.steps.StepInterceptor.testStepResult(StepInterceptor.java:166)
	at net.thucydides.core.steps.StepInterceptor.intercept(StepInterceptor.java:72)
	at co.com.fideljose.certification.screenplayproject.tasks.UserInformation$$EnhancerByCGLIB$$2234ac2.performAs(&lt;generated&gt;)
	at net.serenitybdd.screenplay.Actor.performTask(Actor.java:223)
	at net.serenitybdd.screenplay.Actor.perform(Actor.java:204)
	at net.serenitybdd.screenplay.Actor.attemptsTo(Actor.java:161)
	at co.com.fideljose.certification.screenplayproject.stepdefinitions.CreateAccountStepDefinitions.userInsertYourInformation(CreateAccountStepDefinitions.java:35)
	at ✽.user insert your information(src/test/resources/features/create_user_account.feature:6)
</failure>
  </testcase>
  <system-out><![CDATA[
































]]></system-out>
  <system-err><![CDATA[Jun 15, 2021 6:36:14 PM org.openqa.selenium.remote.DesiredCapabilities chrome
INFO: Using `new ChromeOptions()` is preferred to `DesiredCapabilities.chrome()`
Starting ChromeDriver 90.0.4430.24 (4c6d850f087da467d926e8eddb76550aed655991-refs/branch-heads/4430@{#429}) on port 11200
Only local connections are allowed.
Please see https://chromedriver.chromium.org/security-considerations for suggestions on keeping ChromeDriver safe.
ChromeDriver was started successfully.
[1623800178.000][WARNING]: This version of ChromeDriver has not been tested with Chrome version 91.
Jun 15, 2021 6:36:18 PM org.openqa.selenium.remote.ProtocolHandshake createSession
INFO: Detected dialect: W3C
[Test worker] ERROR net.thucydides.core.steps.ConsoleLoggingListener - 
           __  _____ _____ ____ _____   _____ _    ___ _     _____ ____  
  _       / / |_   _| ____/ ___|_   _| |  ___/ \  |_ _| |   | ____|  _ \ 
 (_)_____| |    | | |  _| \___ \ | |   | |_ / _ \  | || |   |  _| | | | |
  _|_____| |    | | | |___ ___) || |   |  _/ ___ \ | || |___| |___| |_| |
 (_)     | |    |_| |_____|____/ |_|   |_|/_/   \_\___|_____|_____|____/ 
          \_\                                                            

TEST FAILED: create successfully user account
--------------------------------------------------------------------------
[Test worker] ERROR net.thucydides.core.steps.ConsoleLoggingListener - TEST FAILED AT STEP Actor user information
[Test worker] ERROR net.thucydides.core.steps.ConsoleLoggingListener - Expected: an element that is not enabled but: the element identified by id: register_btnundefined [REGISTER] was enabled or not found
]]></system-err>
</testsuite>
