<?xml version="1.0" encoding="UTF-8"?><testsuite errors="0" failures="1" name="Create new user account" skipped="0" tests="1" time="13.99" timestamp="2021-06-16 06:16:57"><testcase name="create successfully user account"><failure message="Expected enabled element was not enabled" type="net.thucydides.core.webdriver.exceptions.ElementShouldBeEnabledException">Expected enabled element was not enabled</failure><system-err>Expected enabled element was not enabled&#13;
co.com.fideljose.certification.screenplayproject.tasks.UserInformation.performAs(UserInformation.java:26)&#13;
co.com.fideljose.certification.screenplayproject.stepdefinitions.CreateAccountStepDefinitions.userInsertYourInformation(CreateAccountStepDefinitions.java:35)&#13;
cucumber.runner.Runner.runPickle(Runner.java:80)&#13;
</system-err></testcase></testsuite>